{"action_type":"write_file","agent_id":"agent_test","decision":"ALLOWED","mission_id":"m1","reason":"TOKEN_ISSUED","target":"workspace/test.txt","timestamp":1772996651,"token_id":"e2866274-b733-496d-9dee-a446e60c66c4"}
{"action_type":"write_file","agent_id":"agent_test","decision":"ALLOWED","mission_id":"m1","reason":"TOKEN_VERIFIED_EXECUTED","target":"workspace/test.txt","timestamp":1772996695,"token_id":"e2866274-b733-496d-9dee-a446e60c66c4"}
{"action_type":"write_file","agent_id":"agent_test","decision":"ALLOWED","mission_id":"m1","reason":"TOKEN_ISSUED","target":"/etc/passwd","timestamp":1772996819,"token_id":"c367d36e-c789-4045-b563-7547d9bb87dc"}
{"action_type":"write_file","agent_id":"agent_test","decision":"BLOCKED","mission_id":"m1","reason":"TARGET_OUTSIDE_WORKSPACE","target":"/etc/passwd","timestamp":1772996819}
{"agent_id":"agent_test","decision":"RETIRED","reason":"MISSION_COMPLETE","timestamp":1772997475}
{"action_type":"RETIRE","agent_id":"agent_test","decision":"RETIRED","mission_id":"","reason":"LIFESPAN_EXPIRED","target":"","timestamp":1773015422}
{"action_type":"write_file","agent_id":"agent_alpha","decision":"ALLOWED","mission_id":"m1","reason":"TOKEN_ISSUED","target":"workspace/policy_test.txt","timestamp":1773016449}
{"action_type":"write_file","agent_id":"agent_alpha","decision":"ALLOWED","mission_id":"m1","reason":"TOKEN_VERIFIED_EXECUTED","target":"workspace/policy_test.txt","timestamp":1773016576}
{"action_type":"write_file","agent_id":"agent_alpha","decision":"BLOCKED","mission_id":"m1","reason":"TARGET_OUTSIDE_POLICY_SCOPE","target":"outside/policy_test.txt","timestamp":1773016807}
{"action_type":"write_file","agent_id":"agent_rogue","decision":"BLOCKED","mission_id":"m1","reason":"POLICY_NOT_FOUND","target":"workspace/evil.txt","timestamp":1773017919}
1773025492 TOKEN_ISSUED agent=agent_alpha mission=m1 count=1
1773025492 TOKEN_ISSUED agent=agent_alpha mission=m1 count=2
1773025492 TOKEN_ISSUED agent=agent_alpha mission=m1 count=3
1773025492 TOKEN_ISSUED agent=agent_alpha mission=m1 count=4
1773025492 TOKEN_ISSUED agent=agent_alpha mission=m1 count=5
1773025492 TOKEN_ISSUED agent=agent_alpha mission=m1 count=6
1773025492 TOKEN_ISSUED agent=agent_alpha mission=m1 count=7
1773025492 TOKEN_ISSUED agent=agent_alpha mission=m1 count=8
1773025492 TOKEN_ISSUED agent=agent_alpha mission=m1 count=9
1773025492 TOKEN_ISSUED agent=agent_alpha mission=m1 count=10
1773025492 TOKEN_ISSUED agent=agent_alpha mission=m1 count=11
1773025492 TOKEN_ISSUED agent=agent_alpha mission=m1 count=12
1773025492 TOKEN_ISSUED agent=agent_alpha mission=m1 count=13
1773025492 TOKEN_ISSUED agent=agent_alpha mission=m1 count=14
1773025492 TOKEN_ISSUED agent=agent_alpha mission=m1 count=15
1773025492 TOKEN_ISSUED agent=agent_alpha mission=m1 count=16
1773025492 TOKEN_ISSUED agent=agent_alpha mission=m1 count=17
1773025492 TOKEN_ISSUED agent=agent_alpha mission=m1 count=18
1773025492 TOKEN_ISSUED agent=agent_alpha mission=m1 count=19
1773025492 TOKEN_ISSUED agent=agent_alpha mission=m1 count=20
1773025492 TOKEN_ISSUED agent=agent_alpha mission=m1 count=21
1773025492 TOKEN_ISSUED agent=agent_alpha mission=m1 count=22
1773025492 TOKEN_ISSUED agent=agent_alpha mission=m1 count=23
1773025492 TOKEN_ISSUED agent=agent_alpha mission=m1 count=24
1773025492 TOKEN_ISSUED agent=agent_alpha mission=m1 count=25
1773025492 TOKEN_ISSUED agent=agent_alpha mission=m1 count=26
1773025492 TOKEN_ISSUED agent=agent_alpha mission=m1 count=27
1773025492 TOKEN_ISSUED agent=agent_alpha mission=m1 count=28
1773025492 TOKEN_ISSUED agent=agent_alpha mission=m1 count=29
1773025492 TOKEN_ISSUED agent=agent_alpha mission=m1 count=30
1773025492 TOKEN_ISSUED agent=agent_alpha mission=m1 count=31
1773025492 TOKEN_ISSUED agent=agent_alpha mission=m1 count=32
1773025492 TOKEN_ISSUED agent=agent_alpha mission=m1 count=33
1773025492 TOKEN_ISSUED agent=agent_alpha mission=m1 count=34
1773025492 TOKEN_ISSUED agent=agent_alpha mission=m1 count=35
1773025492 TOKEN_ISSUED agent=agent_alpha mission=m1 count=36
1773025492 TOKEN_ISSUED agent=agent_alpha mission=m1 count=37
1773025492 TOKEN_ISSUED agent=agent_alpha mission=m1 count=38
1773025492 TOKEN_ISSUED agent=agent_alpha mission=m1 count=39
1773025492 TOKEN_ISSUED agent=agent_alpha mission=m1 count=40
1773025492 TOKEN_ISSUED agent=agent_alpha mission=m1 count=41
1773025492 TOKEN_ISSUED agent=agent_alpha mission=m1 count=42
1773025492 TOKEN_ISSUED agent=agent_alpha mission=m1 count=43
1773025492 TOKEN_ISSUED agent=agent_alpha mission=m1 count=44
1773025492 TOKEN_ISSUED agent=agent_alpha mission=m1 count=45
1773025492 TOKEN_ISSUED agent=agent_alpha mission=m1 count=46
1773025492 TOKEN_ISSUED agent=agent_alpha mission=m1 count=47
1773025492 TOKEN_ISSUED agent=agent_alpha mission=m1 count=48
1773025492 TOKEN_ISSUED agent=agent_alpha mission=m1 count=49
1773025492 TOKEN_ISSUED agent=agent_alpha mission=m1 count=50
1773025492 TOKEN_ISSUED agent=agent_alpha mission=m1 count=51
1773025492 TOKEN_ISSUED agent=agent_alpha mission=m1 count=52
1773025492 TOKEN_ISSUED agent=agent_alpha mission=m1 count=53
1773025492 TOKEN_ISSUED agent=agent_alpha mission=m1 count=54
1773025492 TOKEN_ISSUED agent=agent_alpha mission=m1 count=55
1773025492 TOKEN_ISSUED agent=agent_alpha mission=m1 count=56
1773025492 TOKEN_ISSUED agent=agent_alpha mission=m1 count=57
1773025492 TOKEN_ISSUED agent=agent_alpha mission=m1 count=58
1773025492 TOKEN_ISSUED agent=agent_alpha mission=m1 count=59
1773025492 TOKEN_ISSUED agent=agent_alpha mission=m1 count=60
1773025492 TOKEN_ISSUED agent=agent_alpha mission=m1 count=61
1773025492 TOKEN_ISSUED agent=agent_alpha mission=m1 count=62
1773025492 TOKEN_ISSUED agent=agent_alpha mission=m1 count=63
1773025492 TOKEN_ISSUED agent=agent_alpha mission=m1 count=64
1773025492 TOKEN_ISSUED agent=agent_alpha mission=m1 count=65
1773025492 TOKEN_ISSUED agent=agent_alpha mission=m1 count=66
1773025492 TOKEN_ISSUED agent=agent_alpha mission=m1 count=67
1773025492 TOKEN_ISSUED agent=agent_alpha mission=m1 count=68
1773025492 TOKEN_ISSUED agent=agent_alpha mission=m1 count=69
1773025492 TOKEN_ISSUED agent=agent_alpha mission=m1 count=70
1773025492 TOKEN_ISSUED agent=agent_alpha mission=m1 count=71
1773025492 TOKEN_ISSUED agent=agent_alpha mission=m1 count=72
1773025492 TOKEN_ISSUED agent=agent_alpha mission=m1 count=73
1773025492 TOKEN_ISSUED agent=agent_alpha mission=m1 count=74
1773025492 TOKEN_ISSUED agent=agent_alpha mission=m1 count=75
1773025492 TOKEN_ISSUED agent=agent_alpha mission=m1 count=76
1773025492 TOKEN_ISSUED agent=agent_alpha mission=m1 count=77
1773025492 TOKEN_ISSUED agent=agent_alpha mission=m1 count=78
1773025492 TOKEN_ISSUED agent=agent_alpha mission=m1 count=79
1773025492 TOKEN_ISSUED agent=agent_alpha mission=m1 count=80
1773025492 TOKEN_ISSUED agent=agent_alpha mission=m1 count=81
1773025492 TOKEN_ISSUED agent=agent_alpha mission=m1 count=82
1773025492 TOKEN_ISSUED agent=agent_alpha mission=m1 count=83
1773025492 TOKEN_ISSUED agent=agent_alpha mission=m1 count=84
1773025492 TOKEN_ISSUED agent=agent_alpha mission=m1 count=85
1773025492 TOKEN_ISSUED agent=agent_alpha mission=m1 count=86
1773025492 TOKEN_ISSUED agent=agent_alpha mission=m1 count=87
1773025492 TOKEN_ISSUED agent=agent_alpha mission=m1 count=88
1773025492 TOKEN_ISSUED agent=agent_alpha mission=m1 count=89
1773025492 TOKEN_ISSUED agent=agent_alpha mission=m1 count=90
1773025492 TOKEN_ISSUED agent=agent_alpha mission=m1 count=91
1773025492 TOKEN_ISSUED agent=agent_alpha mission=m1 count=92
1773025492 TOKEN_ISSUED agent=agent_alpha mission=m1 count=93
1773025492 TOKEN_ISSUED agent=agent_alpha mission=m1 count=94
1773025492 TOKEN_ISSUED agent=agent_alpha mission=m1 count=95
1773025492 TOKEN_ISSUED agent=agent_alpha mission=m1 count=96
1773025492 TOKEN_ISSUED agent=agent_alpha mission=m1 count=97
1773025492 TOKEN_ISSUED agent=agent_alpha mission=m1 count=98
1773025492 TOKEN_ISSUED agent=agent_alpha mission=m1 count=99
1773025492 TOKEN_ISSUED agent=agent_alpha mission=m1 count=100
